<?xml version="1.0" encoding="UTF-8"?>
<coverage generated="1578347054043" clover="3.2.0">
  <project timestamp="1578347054043" name="All files">
    <metrics statements="18" coveredstatements="4" conditionals="6" coveredconditionals="0" methods="9" coveredmethods="0" elements="33" coveredelements="4" complexity="0" loc="18" ncloc="18" packages="3" files="3" classes="3"/>
    <package name="assets">
      <metrics statements="1" coveredstatements="1" conditionals="0" coveredconditionals="0" methods="0" coveredmethods="0"/>
      <file name="volume-on.png" path="/Users/zoeketchamharvey/Turing/mod4/guten_reader_FE/guten_reader_FE/assets/volume-on.png">
        <metrics statements="1" coveredstatements="1" conditionals="0" coveredconditionals="0" methods="0" coveredmethods="0"/>
        <line num="1" count="1" type="stmt"/>
      </file>
    </package>
    <package name="src.Components.MusicMenu">
      <metrics statements="8" coveredstatements="1" conditionals="6" coveredconditionals="0" methods="4" coveredmethods="0"/>
      <file name="MusicMenu.js" path="/Users/zoeketchamharvey/Turing/mod4/guten_reader_FE/guten_reader_FE/src/Components/MusicMenu/MusicMenu.js">
        <metrics statements="8" coveredstatements="1" conditionals="6" coveredconditionals="0" methods="4" coveredmethods="0"/>
        <line num="9" count="0" type="stmt"/>
        <line num="11" count="0" type="stmt"/>
        <line num="16" count="0" type="stmt"/>
        <line num="18" count="0" type="stmt"/>
        <line num="19" count="0" type="cond" truecount="0" falsecount="2"/>
        <line num="32" count="0" type="stmt"/>
        <line num="34" count="0" type="stmt"/>
        <line num="46" count="1" type="stmt"/>
      </file>
    </package>
    <package name="src.Components.Reader">
      <metrics statements="9" coveredstatements="2" conditionals="0" coveredconditionals="0" methods="5" coveredmethods="0"/>
      <file name="Reader.js" path="/Users/zoeketchamharvey/Turing/mod4/guten_reader_FE/guten_reader_FE/src/Components/Reader/Reader.js">
        <metrics statements="9" coveredstatements="2" conditionals="0" coveredconditionals="0" methods="5" coveredmethods="0"/>
        <line num="11" count="0" type="stmt"/>
        <line num="12" count="0" type="stmt"/>
        <line num="18" count="0" type="stmt"/>
        <line num="19" count="0" type="stmt"/>
        <line num="24" count="0" type="stmt"/>
        <line num="30" count="0" type="stmt"/>
        <line num="31" count="0" type="stmt"/>
        <line num="46" count="1" type="stmt"/>
        <line num="52" count="1" type="stmt"/>
      </file>
    </package>
  </project>
</coverage>
