{"/Users/zoeketchamharvey/Turing/mod4/guten_reader_FE/guten_reader_FE/App.js": {"path":"/Users/zoeketchamharvey/Turing/mod4/guten_reader_FE/guten_reader_FE/App.js","statementMap":{"0":{"start":{"line":9,"column":22},"end":{"line":29,"column":2}},"1":{"start":{"line":31,"column":12},"end":{"line":31,"column":45}}},"fnMap":{},"branchMap":{},"s":{"0":1,"1":1},"f":{},"b":{},"_coverageSchema":"43e27e138ebf9cfc5966b082cf9a028302ed4184","hash":"ee1515a8f0c33359bbcc72b329773bde3ccf3346"}
,"/Users/zoeketchamharvey/Turing/mod4/guten_reader_FE/guten_reader_FE/src/apiCalls.js": {"path":"/Users/zoeketchamharvey/Turing/mod4/guten_reader_FE/guten_reader_FE/src/apiCalls.js","statementMap":{"0":{"start":{"line":1,"column":24},"end":{"line":8,"column":1}},"1":{"start":{"line":2,"column":19},"end":{"line":2,"column":97}},"2":{"start":{"line":3,"column":2},"end":{"line":7,"column":3}},"3":{"start":{"line":4,"column":4},"end":{"line":4,"column":26}},"4":{"start":{"line":6,"column":4},"end":{"line":6,"column":36}},"5":{"start":{"line":10,"column":27},"end":{"line":17,"column":1}},"6":{"start":{"line":11,"column":19},"end":{"line":11,"column":107}},"7":{"start":{"line":12,"column":2},"end":{"line":16,"column":3}},"8":{"start":{"line":13,"column":4},"end":{"line":13,"column":26}},"9":{"start":{"line":15,"column":4},"end":{"line":15,"column":36}},"10":{"start":{"line":19,"column":24},"end":{"line":26,"column":1}},"11":{"start":{"line":20,"column":19},"end":{"line":20,"column":90}},"12":{"start":{"line":21,"column":2},"end":{"line":25,"column":3}},"13":{"start":{"line":22,"column":4},"end":{"line":22,"column":26}},"14":{"start":{"line":24,"column":4},"end":{"line":24,"column":53}},"15":{"start":{"line":28,"column":33},"end":{"line":49,"column":1}},"16":{"start":{"line":29,"column":23},"end":{"line":33,"column":3}},"17":{"start":{"line":34,"column":16},"end":{"line":40,"column":3}},"18":{"start":{"line":41,"column":19},"end":{"line":41,"column":98}},"19":{"start":{"line":42,"column":2},"end":{"line":48,"column":3}},"20":{"start":{"line":43,"column":4},"end":{"line":45,"column":6}},"21":{"start":{"line":44,"column":6},"end":{"line":44,"column":17}},"22":{"start":{"line":47,"column":4},"end":{"line":47,"column":62}},"23":{"start":{"line":51,"column":32},"end":{"line":69,"column":1}},"24":{"start":{"line":52,"column":18},"end":{"line":54,"column":3}},"25":{"start":{"line":55,"column":16},"end":{"line":62,"column":3}},"26":{"start":{"line":63,"column":19},"end":{"line":63,"column":84}},"27":{"start":{"line":64,"column":2},"end":{"line":68,"column":3}},"28":{"start":{"line":65,"column":4},"end":{"line":65,"column":26}},"29":{"start":{"line":67,"column":4},"end":{"line":67,"column":55}},"30":{"start":{"line":71,"column":33},"end":{"line":84,"column":1}},"31":{"start":{"line":72,"column":16},"end":{"line":77,"column":3}},"32":{"start":{"line":78,"column":19},"end":{"line":78,"column":136}},"33":{"start":{"line":79,"column":2},"end":{"line":83,"column":3}},"34":{"start":{"line":80,"column":4},"end":{"line":80,"column":26}},"35":{"start":{"line":82,"column":4},"end":{"line":82,"column":63}}},"fnMap":{"0":{"name":"(anonymous_0)","decl":{"start":{"line":1,"column":24},"end":{"line":1,"column":25}},"loc":{"start":{"line":1,"column":41},"end":{"line":8,"column":1}},"line":1},"1":{"name":"(anonymous_1)","decl":{"start":{"line":10,"column":27},"end":{"line":10,"column":28}},"loc":{"start":{"line":10,"column":52},"end":{"line":17,"column":1}},"line":10},"2":{"name":"(anonymous_2)","decl":{"start":{"line":19,"column":24},"end":{"line":19,"column":25}},"loc":{"start":{"line":19,"column":35},"end":{"line":26,"column":1}},"line":19},"3":{"name":"(anonymous_3)","decl":{"start":{"line":28,"column":33},"end":{"line":28,"column":34}},"loc":{"start":{"line":28,"column":75},"end":{"line":49,"column":1}},"line":28},"4":{"name":"(anonymous_4)","decl":{"start":{"line":43,"column":32},"end":{"line":43,"column":33}},"loc":{"start":{"line":43,"column":47},"end":{"line":45,"column":5}},"line":43},"5":{"name":"(anonymous_5)","decl":{"start":{"line":51,"column":32},"end":{"line":51,"column":33}},"loc":{"start":{"line":51,"column":53},"end":{"line":69,"column":1}},"line":51},"6":{"name":"(anonymous_6)","decl":{"start":{"line":71,"column":33},"end":{"line":71,"column":34}},"loc":{"start":{"line":71,"column":63},"end":{"line":84,"column":1}},"line":71}},"branchMap":{},"s":{"0":4,"1":3,"2":2,"3":2,"4":1,"5":4,"6":3,"7":2,"8":2,"9":1,"10":4,"11":3,"12":2,"13":2,"14":1,"15":4,"16":0,"17":0,"18":0,"19":0,"20":0,"21":0,"22":0,"23":4,"24":0,"25":0,"26":0,"27":0,"28":0,"29":0,"30":4,"31":0,"32":0,"33":0,"34":0,"35":0},"f":{"0":3,"1":3,"2":3,"3":0,"4":0,"5":0,"6":0},"b":{},"_coverageSchema":"43e27e138ebf9cfc5966b082cf9a028302ed4184","hash":"2af8934c0d485da8c7bbeb50dbf40b90cb4bf918"}
,"/Users/zoeketchamharvey/Turing/mod4/guten_reader_FE/guten_reader_FE/src/Components/Library/Library.js": {"path":"/Users/zoeketchamharvey/Turing/mod4/guten_reader_FE/guten_reader_FE/src/Components/Library/Library.js","statementMap":{"0":{"start":{"line":14,"column":4},"end":{"line":14,"column":17}},"1":{"start":{"line":15,"column":4},"end":{"line":15,"column":52}},"2":{"start":{"line":16,"column":4},"end":{"line":19,"column":5}},"3":{"start":{"line":23,"column":4},"end":{"line":26,"column":7}},"4":{"start":{"line":27,"column":4},"end":{"line":27,"column":22}},"5":{"start":{"line":29,"column":18},"end":{"line":29,"column":35}},"6":{"start":{"line":30,"column":4},"end":{"line":32,"column":7}},"7":{"start":{"line":36,"column":4},"end":{"line":38,"column":6}},"8":{"start":{"line":42,"column":4},"end":{"line":46,"column":5}},"9":{"start":{"line":43,"column":6},"end":{"line":45,"column":8}},"10":{"start":{"line":50,"column":21},"end":{"line":50,"column":54}},"11":{"start":{"line":51,"column":22},"end":{"line":51,"column":71}},"12":{"start":{"line":51,"column":52},"end":{"line":51,"column":70}},"13":{"start":{"line":52,"column":4},"end":{"line":52,"column":129}},"14":{"start":{"line":57,"column":4},"end":{"line":64,"column":6}},"15":{"start":{"line":68,"column":21},"end":{"line":72,"column":2}},"16":{"start":{"line":74,"column":15},"end":{"line":86,"column":2}}},"fnMap":{"0":{"name":"(anonymous_0)","decl":{"start":{"line":13,"column":2},"end":{"line":13,"column":3}},"loc":{"start":{"line":13,"column":21},"end":{"line":20,"column":3}},"line":13},"1":{"name":"(anonymous_1)","decl":{"start":{"line":22,"column":2},"end":{"line":22,"column":3}},"loc":{"start":{"line":22,"column":28},"end":{"line":33,"column":3}},"line":22},"2":{"name":"(anonymous_2)","decl":{"start":{"line":35,"column":2},"end":{"line":35,"column":3}},"loc":{"start":{"line":35,"column":16},"end":{"line":39,"column":3}},"line":35},"3":{"name":"(anonymous_3)","decl":{"start":{"line":41,"column":2},"end":{"line":41,"column":3}},"loc":{"start":{"line":41,"column":14},"end":{"line":47,"column":3}},"line":41},"4":{"name":"(anonymous_4)","decl":{"start":{"line":49,"column":2},"end":{"line":49,"column":3}},"loc":{"start":{"line":49,"column":37},"end":{"line":54,"column":3}},"line":49},"5":{"name":"(anonymous_5)","decl":{"start":{"line":51,"column":44},"end":{"line":51,"column":45}},"loc":{"start":{"line":51,"column":52},"end":{"line":51,"column":70}},"line":51},"6":{"name":"(anonymous_6)","decl":{"start":{"line":56,"column":2},"end":{"line":56,"column":3}},"loc":{"start":{"line":56,"column":11},"end":{"line":65,"column":3}},"line":56}},"branchMap":{"0":{"loc":{"start":{"line":42,"column":4},"end":{"line":46,"column":5}},"type":"if","locations":[{"start":{"line":42,"column":4},"end":{"line":46,"column":5}},{"start":{"line":42,"column":4},"end":{"line":46,"column":5}}],"line":42}},"s":{"0":0,"1":0,"2":0,"3":0,"4":0,"5":0,"6":0,"7":0,"8":0,"9":0,"10":0,"11":0,"12":0,"13":0,"14":0,"15":2,"16":2},"f":{"0":0,"1":0,"2":0,"3":0,"4":0,"5":0,"6":0},"b":{"0":[0,0]},"_coverageSchema":"43e27e138ebf9cfc5966b082cf9a028302ed4184","hash":"e71174c3218b2737e0c4535c230ff9d84a5bb3b6"}
,"/Users/zoeketchamharvey/Turing/mod4/guten_reader_FE/guten_reader_FE/src/Components/ListLibrary/ListLibrary.js": {"path":"/Users/zoeketchamharvey/Turing/mod4/guten_reader_FE/guten_reader_FE/src/Components/ListLibrary/ListLibrary.js","statementMap":{"0":{"start":{"line":9,"column":22},"end":{"line":11,"column":3}},"1":{"start":{"line":10,"column":4},"end":{"line":10,"column":29}},"2":{"start":{"line":14,"column":4},"end":{"line":27,"column":6}},"3":{"start":{"line":15,"column":6},"end":{"line":26,"column":7}},"4":{"start":{"line":23,"column":57},"end":{"line":23,"column":77}},"5":{"start":{"line":30,"column":4},"end":{"line":34,"column":5}},"6":{"start":{"line":37,"column":15},"end":{"line":69,"column":2}}},"fnMap":{"0":{"name":"ListLibrary","decl":{"start":{"line":7,"column":9},"end":{"line":7,"column":20}},"loc":{"start":{"line":7,"column":28},"end":{"line":35,"column":1}},"line":7},"1":{"name":"(anonymous_1)","decl":{"start":{"line":9,"column":22},"end":{"line":9,"column":23}},"loc":{"start":{"line":9,"column":28},"end":{"line":11,"column":3}},"line":9},"2":{"name":"displayBooks","decl":{"start":{"line":13,"column":11},"end":{"line":13,"column":23}},"loc":{"start":{"line":13,"column":26},"end":{"line":28,"column":3}},"line":13},"3":{"name":"(anonymous_3)","decl":{"start":{"line":14,"column":27},"end":{"line":14,"column":28}},"loc":{"start":{"line":14,"column":37},"end":{"line":27,"column":5}},"line":14},"4":{"name":"(anonymous_4)","decl":{"start":{"line":23,"column":51},"end":{"line":23,"column":52}},"loc":{"start":{"line":23,"column":57},"end":{"line":23,"column":77}},"line":23}},"branchMap":{},"s":{"0":0,"1":0,"2":0,"3":0,"4":0,"5":0,"6":3},"f":{"0":0,"1":0,"2":0,"3":0,"4":0},"b":{},"_coverageSchema":"43e27e138ebf9cfc5966b082cf9a028302ed4184","hash":"0224b3e3215b6b03bc338beeed6f3bcb48000ab4"}
,"/Users/zoeketchamharvey/Turing/mod4/guten_reader_FE/guten_reader_FE/src/Components/ListSearch/ListSearch.js": {"path":"/Users/zoeketchamharvey/Turing/mod4/guten_reader_FE/guten_reader_FE/src/Components/ListSearch/ListSearch.js","statementMap":{"0":{"start":{"line":4,"column":19},"end":{"line":14,"column":1}},"1":{"start":{"line":5,"column":2},"end":{"line":13,"column":3}},"2":{"start":{"line":16,"column":15},"end":{"line":37,"column":2}}},"fnMap":{"0":{"name":"(anonymous_0)","decl":{"start":{"line":4,"column":19},"end":{"line":4,"column":20}},"loc":{"start":{"line":4,"column":33},"end":{"line":14,"column":1}},"line":4}},"branchMap":{},"s":{"0":3,"1":1,"2":3},"f":{"0":1},"b":{},"_coverageSchema":"43e27e138ebf9cfc5966b082cf9a028302ed4184","hash":"336ce841c310c58b5404f266f715980142ac6fa1"}
,"/Users/zoeketchamharvey/Turing/mod4/guten_reader_FE/guten_reader_FE/src/Components/MenuLibrary/MenuLibrary.js": {"path":"/Users/zoeketchamharvey/Turing/mod4/guten_reader_FE/guten_reader_FE/src/Components/MenuLibrary/MenuLibrary.js","statementMap":{"0":{"start":{"line":9,"column":22},"end":{"line":11,"column":3}},"1":{"start":{"line":10,"column":4},"end":{"line":10,"column":39}},"2":{"start":{"line":13,"column":4},"end":{"line":17,"column":5}},"3":{"start":{"line":20,"column":15},"end":{"line":35,"column":2}}},"fnMap":{"0":{"name":"MenuLibrary","decl":{"start":{"line":7,"column":9},"end":{"line":7,"column":20}},"loc":{"start":{"line":7,"column":28},"end":{"line":18,"column":1}},"line":7},"1":{"name":"(anonymous_1)","decl":{"start":{"line":9,"column":22},"end":{"line":9,"column":23}},"loc":{"start":{"line":9,"column":28},"end":{"line":11,"column":3}},"line":9}},"branchMap":{},"s":{"0":0,"1":0,"2":0,"3":3},"f":{"0":0,"1":0},"b":{},"_coverageSchema":"43e27e138ebf9cfc5966b082cf9a028302ed4184","hash":"ce6600e03a3fce20388ae0fd58f29f28a176a3da"}
,"/Users/zoeketchamharvey/Turing/mod4/guten_reader_FE/guten_reader_FE/src/Components/MusicMenu/MusicMenu.js": {"path":"/Users/zoeketchamharvey/Turing/mod4/guten_reader_FE/guten_reader_FE/src/Components/MusicMenu/MusicMenu.js","statementMap":{"0":{"start":{"line":17,"column":4},"end":{"line":27,"column":5}},"1":{"start":{"line":31,"column":15},"end":{"line":58,"column":2}}},"fnMap":{"0":{"name":"(anonymous_0)","decl":{"start":{"line":9,"column":2},"end":{"line":9,"column":3}},"loc":{"start":{"line":9,"column":11},"end":{"line":28,"column":3}},"line":9}},"branchMap":{},"s":{"0":0,"1":3},"f":{"0":0},"b":{},"_coverageSchema":"43e27e138ebf9cfc5966b082cf9a028302ed4184","hash":"cd4393e60a295f77c669a670e4582e00eacc2e66"}
,"/Users/zoeketchamharvey/Turing/mod4/guten_reader_FE/guten_reader_FE/src/Components/Reader/Reader.js": {"path":"/Users/zoeketchamharvey/Turing/mod4/guten_reader_FE/guten_reader_FE/src/Components/Reader/Reader.js","statementMap":{"0":{"start":{"line":13,"column":4},"end":{"line":13,"column":12}},"1":{"start":{"line":14,"column":4},"end":{"line":21,"column":5}},"2":{"start":{"line":25,"column":22},"end":{"line":25,"column":53}},"3":{"start":{"line":26,"column":4},"end":{"line":28,"column":7}},"4":{"start":{"line":32,"column":21},"end":{"line":32,"column":51}},"5":{"start":{"line":33,"column":3},"end":{"line":35,"column":5}},"6":{"start":{"line":39,"column":3},"end":{"line":47,"column":4}},"7":{"start":{"line":40,"column":4},"end":{"line":42,"column":6}},"8":{"start":{"line":44,"column":5},"end":{"line":46,"column":7}},"9":{"start":{"line":51,"column":2},"end":{"line":59,"column":4}},"10":{"start":{"line":52,"column":4},"end":{"line":54,"column":6}},"11":{"start":{"line":56,"column":5},"end":{"line":58,"column":7}},"12":{"start":{"line":63,"column":4},"end":{"line":63,"column":28}},"13":{"start":{"line":64,"column":18},"end":{"line":64,"column":34}},"14":{"start":{"line":65,"column":4},"end":{"line":65,"column":55}},"15":{"start":{"line":69,"column":24},"end":{"line":69,"column":78}},"16":{"start":{"line":70,"column":4},"end":{"line":70,"column":46}},"17":{"start":{"line":74,"column":4},"end":{"line":76,"column":7}},"18":{"start":{"line":75,"column":7},"end":{"line":75,"column":54}},"19":{"start":{"line":77,"column":24},"end":{"line":77,"column":75}},"20":{"start":{"line":78,"column":27},"end":{"line":78,"column":112}},"21":{"start":{"line":79,"column":4},"end":{"line":79,"column":55}},"22":{"start":{"line":80,"column":4},"end":{"line":80,"column":86}},"23":{"start":{"line":81,"column":19},"end":{"line":81,"column":68}},"24":{"start":{"line":82,"column":4},"end":{"line":82,"column":59}},"25":{"start":{"line":86,"column":4},"end":{"line":88,"column":7}},"26":{"start":{"line":89,"column":19},"end":{"line":89,"column":68}},"27":{"start":{"line":90,"column":4},"end":{"line":90,"column":59}},"28":{"start":{"line":94,"column":21},"end":{"line":94,"column":72}},"29":{"start":{"line":95,"column":4},"end":{"line":117,"column":5}},"30":{"start":{"line":121,"column":21},"end":{"line":125,"column":2}},"31":{"start":{"line":127,"column":15},"end":{"line":133,"column":2}}},"fnMap":{"0":{"name":"(anonymous_0)","decl":{"start":{"line":12,"column":2},"end":{"line":12,"column":3}},"loc":{"start":{"line":12,"column":16},"end":{"line":22,"column":3}},"line":12},"1":{"name":"(anonymous_1)","decl":{"start":{"line":24,"column":2},"end":{"line":24,"column":3}},"loc":{"start":{"line":24,"column":21},"end":{"line":29,"column":2}},"line":24},"2":{"name":"(anonymous_2)","decl":{"start":{"line":31,"column":1},"end":{"line":31,"column":2}},"loc":{"start":{"line":31,"column":20},"end":{"line":36,"column":2}},"line":31},"3":{"name":"(anonymous_3)","decl":{"start":{"line":38,"column":2},"end":{"line":38,"column":3}},"loc":{"start":{"line":38,"column":23},"end":{"line":48,"column":2}},"line":38},"4":{"name":"(anonymous_4)","decl":{"start":{"line":50,"column":1},"end":{"line":50,"column":2}},"loc":{"start":{"line":50,"column":18},"end":{"line":60,"column":2}},"line":50},"5":{"name":"(anonymous_5)","decl":{"start":{"line":62,"column":2},"end":{"line":62,"column":3}},"loc":{"start":{"line":62,"column":28},"end":{"line":66,"column":3}},"line":62},"6":{"name":"(anonymous_6)","decl":{"start":{"line":68,"column":2},"end":{"line":68,"column":3}},"loc":{"start":{"line":68,"column":22},"end":{"line":71,"column":3}},"line":68},"7":{"name":"(anonymous_7)","decl":{"start":{"line":73,"column":2},"end":{"line":73,"column":3}},"loc":{"start":{"line":73,"column":22},"end":{"line":83,"column":3}},"line":73},"8":{"name":"(anonymous_8)","decl":{"start":{"line":74,"column":18},"end":{"line":74,"column":19}},"loc":{"start":{"line":74,"column":31},"end":{"line":76,"column":5}},"line":74},"9":{"name":"(anonymous_9)","decl":{"start":{"line":85,"column":2},"end":{"line":85,"column":3}},"loc":{"start":{"line":85,"column":23},"end":{"line":91,"column":3}},"line":85},"10":{"name":"(anonymous_10)","decl":{"start":{"line":93,"column":2},"end":{"line":93,"column":3}},"loc":{"start":{"line":93,"column":11},"end":{"line":117,"column":6}},"line":93}},"branchMap":{"0":{"loc":{"start":{"line":39,"column":3},"end":{"line":47,"column":4}},"type":"if","locations":[{"start":{"line":39,"column":3},"end":{"line":47,"column":4}},{"start":{"line":39,"column":3},"end":{"line":47,"column":4}}],"line":39},"1":{"loc":{"start":{"line":51,"column":2},"end":{"line":59,"column":4}},"type":"if","locations":[{"start":{"line":51,"column":2},"end":{"line":59,"column":4}},{"start":{"line":51,"column":2},"end":{"line":59,"column":4}}],"line":51},"2":{"loc":{"start":{"line":98,"column":48},"end":{"line":98,"column":100}},"type":"cond-expr","locations":[{"start":{"line":98,"column":83},"end":{"line":98,"column":90}},{"start":{"line":98,"column":93},"end":{"line":98,"column":100}}],"line":98},"3":{"loc":{"start":{"line":107,"column":29},"end":{"line":107,"column":95}},"type":"cond-expr","locations":[{"start":{"line":107,"column":69},"end":{"line":107,"column":77}},{"start":{"line":107,"column":80},"end":{"line":107,"column":95}}],"line":107},"4":{"loc":{"start":{"line":108,"column":24},"end":{"line":108,"column":76}},"type":"cond-expr","locations":[{"start":{"line":108,"column":59},"end":{"line":108,"column":66}},{"start":{"line":108,"column":69},"end":{"line":108,"column":76}}],"line":108}},"s":{"0":0,"1":0,"2":0,"3":0,"4":0,"5":0,"6":0,"7":0,"8":0,"9":0,"10":0,"11":0,"12":0,"13":0,"14":0,"15":0,"16":0,"17":0,"18":0,"19":0,"20":0,"21":0,"22":0,"23":0,"24":0,"25":0,"26":0,"27":0,"28":0,"29":0,"30":2,"31":2},"f":{"0":0,"1":0,"2":0,"3":0,"4":0,"5":0,"6":0,"7":0,"8":0,"9":0,"10":0},"b":{"0":[0,0],"1":[0,0],"2":[0,0],"3":[0,0],"4":[0,0]},"_coverageSchema":"43e27e138ebf9cfc5966b082cf9a028302ed4184","hash":"648a02e05052285a94c67c472a6eff9a3d8e7d86"}
,"/Users/zoeketchamharvey/Turing/mod4/guten_reader_FE/guten_reader_FE/src/Components/Search/Search.js": {"path":"/Users/zoeketchamharvey/Turing/mod4/guten_reader_FE/guten_reader_FE/src/Components/Search/Search.js","statementMap":{"0":{"start":{"line":7,"column":4},"end":{"line":7,"column":12}},"1":{"start":{"line":8,"column":4},"end":{"line":12,"column":5}},"2":{"start":{"line":15,"column":16},"end":{"line":17,"column":3}},"3":{"start":{"line":16,"column":4},"end":{"line":16,"column":46}},"4":{"start":{"line":19,"column":14},"end":{"line":33,"column":3}},"5":{"start":{"line":20,"column":4},"end":{"line":32,"column":5}},"6":{"start":{"line":21,"column":23},"end":{"line":21,"column":96}},"7":{"start":{"line":22,"column":6},"end":{"line":29,"column":7}},"8":{"start":{"line":23,"column":21},"end":{"line":23,"column":42}},"9":{"start":{"line":24,"column":8},"end":{"line":24,"column":41}},"10":{"start":{"line":25,"column":8},"end":{"line":25,"column":45}},"11":{"start":{"line":28,"column":8},"end":{"line":28,"column":41}},"12":{"start":{"line":31,"column":6},"end":{"line":31,"column":44}},"13":{"start":{"line":35,"column":18},"end":{"line":51,"column":3}},"14":{"start":{"line":36,"column":4},"end":{"line":41,"column":5}},"15":{"start":{"line":37,"column":6},"end":{"line":37,"column":38}},"16":{"start":{"line":38,"column":6},"end":{"line":38,"column":44}},"17":{"start":{"line":39,"column":6},"end":{"line":39,"column":39}},"18":{"start":{"line":40,"column":6},"end":{"line":40,"column":13}},"19":{"start":{"line":42,"column":29},"end":{"line":42,"column":76}},"20":{"start":{"line":42,"column":49},"end":{"line":42,"column":75}},"21":{"start":{"line":43,"column":23},"end":{"line":49,"column":6}},"22":{"start":{"line":44,"column":6},"end":{"line":48,"column":7}},"23":{"start":{"line":50,"column":4},"end":{"line":50,"column":47}},"24":{"start":{"line":54,"column":30},"end":{"line":54,"column":32}},"25":{"start":{"line":55,"column":23},"end":{"line":55,"column":58}},"26":{"start":{"line":56,"column":4},"end":{"line":60,"column":5}},"27":{"start":{"line":57,"column":6},"end":{"line":59,"column":8}},"28":{"start":{"line":58,"column":8},"end":{"line":58,"column":40}},"29":{"start":{"line":61,"column":4},"end":{"line":79,"column":5}},"30":{"start":{"line":76,"column":55},"end":{"line":76,"column":96}},"31":{"start":{"line":83,"column":15},"end":{"line":124,"column":2}}},"fnMap":{"0":{"name":"(anonymous_0)","decl":{"start":{"line":6,"column":2},"end":{"line":6,"column":3}},"loc":{"start":{"line":6,"column":16},"end":{"line":13,"column":3}},"line":6},"1":{"name":"(anonymous_1)","decl":{"start":{"line":15,"column":16},"end":{"line":15,"column":17}},"loc":{"start":{"line":15,"column":33},"end":{"line":17,"column":3}},"line":15},"2":{"name":"(anonymous_2)","decl":{"start":{"line":19,"column":14},"end":{"line":19,"column":15}},"loc":{"start":{"line":19,"column":26},"end":{"line":33,"column":3}},"line":19},"3":{"name":"(anonymous_3)","decl":{"start":{"line":35,"column":18},"end":{"line":35,"column":19}},"loc":{"start":{"line":35,"column":28},"end":{"line":51,"column":3}},"line":35},"4":{"name":"(anonymous_4)","decl":{"start":{"line":42,"column":41},"end":{"line":42,"column":42}},"loc":{"start":{"line":42,"column":49},"end":{"line":42,"column":75}},"line":42},"5":{"name":"(anonymous_5)","decl":{"start":{"line":43,"column":46},"end":{"line":43,"column":47}},"loc":{"start":{"line":43,"column":54},"end":{"line":49,"column":5}},"line":43},"6":{"name":"(anonymous_6)","decl":{"start":{"line":53,"column":2},"end":{"line":53,"column":3}},"loc":{"start":{"line":53,"column":11},"end":{"line":80,"column":3}},"line":53},"7":{"name":"(anonymous_7)","decl":{"start":{"line":57,"column":54},"end":{"line":57,"column":55}},"loc":{"start":{"line":57,"column":62},"end":{"line":59,"column":7}},"line":57},"8":{"name":"(anonymous_8)","decl":{"start":{"line":76,"column":49},"end":{"line":76,"column":50}},"loc":{"start":{"line":76,"column":55},"end":{"line":76,"column":96}},"line":76}},"branchMap":{"0":{"loc":{"start":{"line":20,"column":4},"end":{"line":32,"column":5}},"type":"if","locations":[{"start":{"line":20,"column":4},"end":{"line":32,"column":5}},{"start":{"line":20,"column":4},"end":{"line":32,"column":5}}],"line":20},"1":{"loc":{"start":{"line":36,"column":4},"end":{"line":41,"column":5}},"type":"if","locations":[{"start":{"line":36,"column":4},"end":{"line":41,"column":5}},{"start":{"line":36,"column":4},"end":{"line":41,"column":5}}],"line":36},"2":{"loc":{"start":{"line":56,"column":4},"end":{"line":60,"column":5}},"type":"if","locations":[{"start":{"line":56,"column":4},"end":{"line":60,"column":5}},{"start":{"line":56,"column":4},"end":{"line":60,"column":5}}],"line":56},"3":{"loc":{"start":{"line":71,"column":9},"end":{"line":71,"column":90}},"type":"cond-expr","locations":[{"start":{"line":71,"column":35},"end":{"line":71,"column":39}},{"start":{"line":71,"column":42},"end":{"line":71,"column":90}}],"line":71}},"s":{"0":2,"1":2,"2":2,"3":0,"4":2,"5":0,"6":0,"7":0,"8":0,"9":0,"10":0,"11":0,"12":0,"13":2,"14":0,"15":0,"16":0,"17":0,"18":0,"19":0,"20":0,"21":0,"22":0,"23":0,"24":3,"25":3,"26":3,"27":0,"28":0,"29":3,"30":0,"31":2},"f":{"0":2,"1":0,"2":0,"3":0,"4":0,"5":0,"6":3,"7":0,"8":0},"b":{"0":[0,0],"1":[0,0],"2":[0,3],"3":[0,3]},"_coverageSchema":"43e27e138ebf9cfc5966b082cf9a028302ed4184","hash":"cdae949f2636d78ac2e1a54221b87d2b79bde259"}
}
