{"/Users/zoeketchamharvey/Turing/mod4/guten_reader_FE/guten_reader_FE/App.js": {"path":"/Users/zoeketchamharvey/Turing/mod4/guten_reader_FE/guten_reader_FE/App.js","statementMap":{"0":{"start":{"line":9,"column":22},"end":{"line":29,"column":2}},"1":{"start":{"line":31,"column":12},"end":{"line":31,"column":45}}},"fnMap":{},"branchMap":{},"s":{"0":1,"1":1},"f":{},"b":{},"_coverageSchema":"43e27e138ebf9cfc5966b082cf9a028302ed4184","hash":"ee1515a8f0c33359bbcc72b329773bde3ccf3346"}
,"/Users/zoeketchamharvey/Turing/mod4/guten_reader_FE/guten_reader_FE/assets/volume-on.png": {"path":"/Users/zoeketchamharvey/Turing/mod4/guten_reader_FE/guten_reader_FE/assets/volume-on.png","statementMap":{"0":{"start":{"line":1,"column":0},"end":{"line":1,"column":19}}},"fnMap":{},"branchMap":{},"s":{"0":3},"f":{},"b":{},"_coverageSchema":"43e27e138ebf9cfc5966b082cf9a028302ed4184","hash":"3501c3cd42cce1951783655ab89fc98b6177431c"}
,"/Users/zoeketchamharvey/Turing/mod4/guten_reader_FE/guten_reader_FE/src/apiCalls.js": {"path":"/Users/zoeketchamharvey/Turing/mod4/guten_reader_FE/guten_reader_FE/src/apiCalls.js","statementMap":{"0":{"start":{"line":1,"column":24},"end":{"line":8,"column":1}},"1":{"start":{"line":2,"column":19},"end":{"line":2,"column":97}},"2":{"start":{"line":3,"column":2},"end":{"line":7,"column":3}},"3":{"start":{"line":4,"column":4},"end":{"line":4,"column":26}},"4":{"start":{"line":6,"column":4},"end":{"line":6,"column":36}},"5":{"start":{"line":10,"column":27},"end":{"line":17,"column":1}},"6":{"start":{"line":11,"column":19},"end":{"line":11,"column":107}},"7":{"start":{"line":12,"column":2},"end":{"line":16,"column":3}},"8":{"start":{"line":13,"column":4},"end":{"line":13,"column":26}},"9":{"start":{"line":15,"column":4},"end":{"line":15,"column":36}}},"fnMap":{"0":{"name":"(anonymous_0)","decl":{"start":{"line":1,"column":24},"end":{"line":1,"column":25}},"loc":{"start":{"line":1,"column":41},"end":{"line":8,"column":1}},"line":1},"1":{"name":"(anonymous_1)","decl":{"start":{"line":10,"column":27},"end":{"line":10,"column":28}},"loc":{"start":{"line":10,"column":52},"end":{"line":17,"column":1}},"line":10}},"branchMap":{},"s":{"0":3,"1":3,"2":2,"3":2,"4":1,"5":3,"6":2,"7":2,"8":2,"9":1},"f":{"0":3,"1":2},"b":{},"_coverageSchema":"43e27e138ebf9cfc5966b082cf9a028302ed4184","hash":"99dbe2f1640f02974c7af9225c09ef10065b21b2"}
,"/Users/zoeketchamharvey/Turing/mod4/guten_reader_FE/guten_reader_FE/src/Components/Library/Library.js": {"path":"/Users/zoeketchamharvey/Turing/mod4/guten_reader_FE/guten_reader_FE/src/Components/Library/Library.js","statementMap":{"0":{"start":{"line":14,"column":4},"end":{"line":14,"column":12}},"1":{"start":{"line":15,"column":4},"end":{"line":15,"column":52}},"2":{"start":{"line":16,"column":4},"end":{"line":19,"column":5}},"3":{"start":{"line":23,"column":4},"end":{"line":25,"column":7}},"4":{"start":{"line":26,"column":4},"end":{"line":26,"column":22}},"5":{"start":{"line":28,"column":18},"end":{"line":28,"column":35}},"6":{"start":{"line":29,"column":4},"end":{"line":31,"column":7}},"7":{"start":{"line":35,"column":4},"end":{"line":37,"column":6}},"8":{"start":{"line":41,"column":4},"end":{"line":45,"column":5}},"9":{"start":{"line":42,"column":6},"end":{"line":44,"column":8}},"10":{"start":{"line":49,"column":21},"end":{"line":49,"column":54}},"11":{"start":{"line":50,"column":4},"end":{"line":50,"column":76}},"12":{"start":{"line":54,"column":4},"end":{"line":60,"column":6}},"13":{"start":{"line":64,"column":21},"end":{"line":68,"column":2}},"14":{"start":{"line":70,"column":15},"end":{"line":81,"column":2}}},"fnMap":{"0":{"name":"(anonymous_0)","decl":{"start":{"line":13,"column":2},"end":{"line":13,"column":3}},"loc":{"start":{"line":13,"column":21},"end":{"line":20,"column":3}},"line":13},"1":{"name":"(anonymous_1)","decl":{"start":{"line":22,"column":2},"end":{"line":22,"column":3}},"loc":{"start":{"line":22,"column":28},"end":{"line":32,"column":3}},"line":22},"2":{"name":"(anonymous_2)","decl":{"start":{"line":34,"column":2},"end":{"line":34,"column":3}},"loc":{"start":{"line":34,"column":16},"end":{"line":38,"column":3}},"line":34},"3":{"name":"(anonymous_3)","decl":{"start":{"line":40,"column":2},"end":{"line":40,"column":3}},"loc":{"start":{"line":40,"column":14},"end":{"line":46,"column":3}},"line":40},"4":{"name":"(anonymous_4)","decl":{"start":{"line":48,"column":2},"end":{"line":48,"column":3}},"loc":{"start":{"line":48,"column":37},"end":{"line":51,"column":3}},"line":48},"5":{"name":"(anonymous_5)","decl":{"start":{"line":53,"column":2},"end":{"line":53,"column":3}},"loc":{"start":{"line":53,"column":11},"end":{"line":61,"column":3}},"line":53}},"branchMap":{"0":{"loc":{"start":{"line":41,"column":4},"end":{"line":45,"column":5}},"type":"if","locations":[{"start":{"line":41,"column":4},"end":{"line":45,"column":5}},{"start":{"line":41,"column":4},"end":{"line":45,"column":5}}],"line":41}},"s":{"0":0,"1":0,"2":0,"3":0,"4":0,"5":0,"6":0,"7":0,"8":0,"9":0,"10":0,"11":0,"12":0,"13":2,"14":2},"f":{"0":0,"1":0,"2":0,"3":0,"4":0,"5":0},"b":{"0":[0,0]},"_coverageSchema":"43e27e138ebf9cfc5966b082cf9a028302ed4184","hash":"bd14b894d65ad94fdeeaf56e27f601688ef467d4"}
,"/Users/zoeketchamharvey/Turing/mod4/guten_reader_FE/guten_reader_FE/src/Components/ListLibrary/ListLibrary.js": {"path":"/Users/zoeketchamharvey/Turing/mod4/guten_reader_FE/guten_reader_FE/src/Components/ListLibrary/ListLibrary.js","statementMap":{"0":{"start":{"line":9,"column":22},"end":{"line":11,"column":3}},"1":{"start":{"line":10,"column":4},"end":{"line":10,"column":29}},"2":{"start":{"line":14,"column":4},"end":{"line":27,"column":6}},"3":{"start":{"line":15,"column":6},"end":{"line":26,"column":7}},"4":{"start":{"line":23,"column":57},"end":{"line":23,"column":77}},"5":{"start":{"line":30,"column":4},"end":{"line":34,"column":5}},"6":{"start":{"line":37,"column":15},"end":{"line":69,"column":2}}},"fnMap":{"0":{"name":"ListLibrary","decl":{"start":{"line":7,"column":9},"end":{"line":7,"column":20}},"loc":{"start":{"line":7,"column":28},"end":{"line":35,"column":1}},"line":7},"1":{"name":"(anonymous_1)","decl":{"start":{"line":9,"column":22},"end":{"line":9,"column":23}},"loc":{"start":{"line":9,"column":28},"end":{"line":11,"column":3}},"line":9},"2":{"name":"displayBooks","decl":{"start":{"line":13,"column":11},"end":{"line":13,"column":23}},"loc":{"start":{"line":13,"column":26},"end":{"line":28,"column":3}},"line":13},"3":{"name":"(anonymous_3)","decl":{"start":{"line":14,"column":27},"end":{"line":14,"column":28}},"loc":{"start":{"line":14,"column":37},"end":{"line":27,"column":5}},"line":14},"4":{"name":"(anonymous_4)","decl":{"start":{"line":23,"column":51},"end":{"line":23,"column":52}},"loc":{"start":{"line":23,"column":57},"end":{"line":23,"column":77}},"line":23}},"branchMap":{},"s":{"0":0,"1":0,"2":0,"3":0,"4":0,"5":0,"6":3},"f":{"0":0,"1":0,"2":0,"3":0,"4":0},"b":{},"_coverageSchema":"43e27e138ebf9cfc5966b082cf9a028302ed4184","hash":"0224b3e3215b6b03bc338beeed6f3bcb48000ab4"}
,"/Users/zoeketchamharvey/Turing/mod4/guten_reader_FE/guten_reader_FE/src/Components/ListSearch/ListSearch.js": {"path":"/Users/zoeketchamharvey/Turing/mod4/guten_reader_FE/guten_reader_FE/src/Components/ListSearch/ListSearch.js","statementMap":{"0":{"start":{"line":4,"column":19},"end":{"line":14,"column":1}},"1":{"start":{"line":5,"column":2},"end":{"line":13,"column":3}},"2":{"start":{"line":16,"column":15},"end":{"line":37,"column":2}}},"fnMap":{"0":{"name":"(anonymous_0)","decl":{"start":{"line":4,"column":19},"end":{"line":4,"column":20}},"loc":{"start":{"line":4,"column":33},"end":{"line":14,"column":1}},"line":4}},"branchMap":{},"s":{"0":3,"1":1,"2":3},"f":{"0":1},"b":{},"_coverageSchema":"43e27e138ebf9cfc5966b082cf9a028302ed4184","hash":"336ce841c310c58b5404f266f715980142ac6fa1"}
,"/Users/zoeketchamharvey/Turing/mod4/guten_reader_FE/guten_reader_FE/src/Components/MenuLibrary/MenuLibrary.js": {"path":"/Users/zoeketchamharvey/Turing/mod4/guten_reader_FE/guten_reader_FE/src/Components/MenuLibrary/MenuLibrary.js","statementMap":{"0":{"start":{"line":9,"column":22},"end":{"line":11,"column":3}},"1":{"start":{"line":10,"column":4},"end":{"line":10,"column":39}},"2":{"start":{"line":13,"column":4},"end":{"line":17,"column":5}},"3":{"start":{"line":20,"column":15},"end":{"line":35,"column":2}}},"fnMap":{"0":{"name":"MenuLibrary","decl":{"start":{"line":7,"column":9},"end":{"line":7,"column":20}},"loc":{"start":{"line":7,"column":28},"end":{"line":18,"column":1}},"line":7},"1":{"name":"(anonymous_1)","decl":{"start":{"line":9,"column":22},"end":{"line":9,"column":23}},"loc":{"start":{"line":9,"column":28},"end":{"line":11,"column":3}},"line":9}},"branchMap":{},"s":{"0":0,"1":0,"2":0,"3":3},"f":{"0":0,"1":0},"b":{},"_coverageSchema":"43e27e138ebf9cfc5966b082cf9a028302ed4184","hash":"ce6600e03a3fce20388ae0fd58f29f28a176a3da"}
,"/Users/zoeketchamharvey/Turing/mod4/guten_reader_FE/guten_reader_FE/src/Components/MusicMenu/MusicMenu.js": {"path":"/Users/zoeketchamharvey/Turing/mod4/guten_reader_FE/guten_reader_FE/src/Components/MusicMenu/MusicMenu.js","statementMap":{"0":{"start":{"line":9,"column":4},"end":{"line":9,"column":12}},"1":{"start":{"line":11,"column":4},"end":{"line":13,"column":5}},"2":{"start":{"line":16,"column":10},"end":{"line":16,"column":26}},"3":{"start":{"line":18,"column":16},"end":{"line":20,"column":3}},"4":{"start":{"line":19,"column":4},"end":{"line":19,"column":89}},"5":{"start":{"line":32,"column":4},"end":{"line":42,"column":5}},"6":{"start":{"line":34,"column":53},"end":{"line":34,"column":94}},"7":{"start":{"line":46,"column":15},"end":{"line":73,"column":2}}},"fnMap":{"0":{"name":"(anonymous_0)","decl":{"start":{"line":8,"column":2},"end":{"line":8,"column":3}},"loc":{"start":{"line":8,"column":16},"end":{"line":14,"column":3}},"line":8},"1":{"name":"(anonymous_1)","decl":{"start":{"line":18,"column":16},"end":{"line":18,"column":17}},"loc":{"start":{"line":18,"column":22},"end":{"line":20,"column":3}},"line":18},"2":{"name":"(anonymous_2)","decl":{"start":{"line":24,"column":2},"end":{"line":24,"column":3}},"loc":{"start":{"line":24,"column":11},"end":{"line":43,"column":3}},"line":24},"3":{"name":"(anonymous_3)","decl":{"start":{"line":34,"column":47},"end":{"line":34,"column":48}},"loc":{"start":{"line":34,"column":53},"end":{"line":34,"column":94}},"line":34}},"branchMap":{"0":{"loc":{"start":{"line":19,"column":4},"end":{"line":19,"column":89}},"type":"cond-expr","locations":[{"start":{"line":19,"column":25},"end":{"line":19,"column":56}},{"start":{"line":19,"column":59},"end":{"line":19,"column":89}}],"line":19},"1":{"loc":{"start":{"line":36,"column":11},"end":{"line":36,"column":120}},"type":"binary-expr","locations":[{"start":{"line":36,"column":11},"end":{"line":36,"column":38}},{"start":{"line":36,"column":42},"end":{"line":36,"column":120}}],"line":36},"2":{"loc":{"start":{"line":39,"column":11},"end":{"line":39,"column":105}},"type":"binary-expr","locations":[{"start":{"line":39,"column":11},"end":{"line":39,"column":30}},{"start":{"line":39,"column":34},"end":{"line":39,"column":105}}],"line":39}},"s":{"0":0,"1":0,"2":0,"3":0,"4":0,"5":0,"6":0,"7":3},"f":{"0":0,"1":0,"2":0,"3":0},"b":{"0":[0,0],"1":[0,0],"2":[0,0]},"_coverageSchema":"43e27e138ebf9cfc5966b082cf9a028302ed4184","hash":"266b92d7af590d201b5ea42df4321839018c4b46"}
,"/Users/zoeketchamharvey/Turing/mod4/guten_reader_FE/guten_reader_FE/src/Components/Reader/Reader.js": {"path":"/Users/zoeketchamharvey/Turing/mod4/guten_reader_FE/guten_reader_FE/src/Components/Reader/Reader.js","statementMap":{"0":{"start":{"line":11,"column":4},"end":{"line":11,"column":12}},"1":{"start":{"line":12,"column":4},"end":{"line":14,"column":5}},"2":{"start":{"line":18,"column":4},"end":{"line":20,"column":7}},"3":{"start":{"line":19,"column":7},"end":{"line":19,"column":54}},"4":{"start":{"line":24,"column":4},"end":{"line":26,"column":7}},"5":{"start":{"line":30,"column":21},"end":{"line":30,"column":72}},"6":{"start":{"line":31,"column":4},"end":{"line":42,"column":6}},"7":{"start":{"line":46,"column":21},"end":{"line":50,"column":2}},"8":{"start":{"line":52,"column":15},"end":{"line":62,"column":2}}},"fnMap":{"0":{"name":"(anonymous_0)","decl":{"start":{"line":10,"column":2},"end":{"line":10,"column":3}},"loc":{"start":{"line":10,"column":16},"end":{"line":15,"column":3}},"line":10},"1":{"name":"(anonymous_1)","decl":{"start":{"line":17,"column":2},"end":{"line":17,"column":3}},"loc":{"start":{"line":17,"column":28},"end":{"line":21,"column":3}},"line":17},"2":{"name":"(anonymous_2)","decl":{"start":{"line":18,"column":18},"end":{"line":18,"column":19}},"loc":{"start":{"line":18,"column":31},"end":{"line":20,"column":5}},"line":18},"3":{"name":"(anonymous_3)","decl":{"start":{"line":23,"column":2},"end":{"line":23,"column":3}},"loc":{"start":{"line":23,"column":29},"end":{"line":27,"column":3}},"line":23},"4":{"name":"(anonymous_4)","decl":{"start":{"line":29,"column":2},"end":{"line":29,"column":3}},"loc":{"start":{"line":29,"column":11},"end":{"line":43,"column":3}},"line":29}},"branchMap":{},"s":{"0":0,"1":0,"2":0,"3":0,"4":0,"5":0,"6":0,"7":2,"8":2},"f":{"0":0,"1":0,"2":0,"3":0,"4":0},"b":{},"_coverageSchema":"43e27e138ebf9cfc5966b082cf9a028302ed4184","hash":"47be87efc2f75cddc94f9c7ddd7544d04db36777"}
,"/Users/zoeketchamharvey/Turing/mod4/guten_reader_FE/guten_reader_FE/src/Components/Search/Search.js": {"path":"/Users/zoeketchamharvey/Turing/mod4/guten_reader_FE/guten_reader_FE/src/Components/Search/Search.js","statementMap":{"0":{"start":{"line":7,"column":4},"end":{"line":7,"column":12}},"1":{"start":{"line":8,"column":4},"end":{"line":12,"column":5}},"2":{"start":{"line":15,"column":16},"end":{"line":17,"column":3}},"3":{"start":{"line":16,"column":4},"end":{"line":16,"column":46}},"4":{"start":{"line":19,"column":14},"end":{"line":33,"column":3}},"5":{"start":{"line":20,"column":4},"end":{"line":32,"column":5}},"6":{"start":{"line":21,"column":23},"end":{"line":21,"column":96}},"7":{"start":{"line":22,"column":6},"end":{"line":29,"column":7}},"8":{"start":{"line":23,"column":21},"end":{"line":23,"column":42}},"9":{"start":{"line":24,"column":8},"end":{"line":24,"column":41}},"10":{"start":{"line":25,"column":8},"end":{"line":25,"column":45}},"11":{"start":{"line":28,"column":8},"end":{"line":28,"column":41}},"12":{"start":{"line":31,"column":6},"end":{"line":31,"column":44}},"13":{"start":{"line":35,"column":18},"end":{"line":51,"column":3}},"14":{"start":{"line":36,"column":4},"end":{"line":41,"column":5}},"15":{"start":{"line":37,"column":6},"end":{"line":37,"column":38}},"16":{"start":{"line":38,"column":6},"end":{"line":38,"column":44}},"17":{"start":{"line":39,"column":6},"end":{"line":39,"column":39}},"18":{"start":{"line":40,"column":6},"end":{"line":40,"column":13}},"19":{"start":{"line":42,"column":29},"end":{"line":42,"column":76}},"20":{"start":{"line":42,"column":49},"end":{"line":42,"column":75}},"21":{"start":{"line":43,"column":23},"end":{"line":49,"column":6}},"22":{"start":{"line":44,"column":6},"end":{"line":48,"column":7}},"23":{"start":{"line":50,"column":4},"end":{"line":50,"column":47}},"24":{"start":{"line":54,"column":30},"end":{"line":54,"column":32}},"25":{"start":{"line":55,"column":23},"end":{"line":55,"column":58}},"26":{"start":{"line":56,"column":4},"end":{"line":60,"column":5}},"27":{"start":{"line":57,"column":6},"end":{"line":59,"column":8}},"28":{"start":{"line":58,"column":8},"end":{"line":58,"column":40}},"29":{"start":{"line":61,"column":4},"end":{"line":79,"column":5}},"30":{"start":{"line":76,"column":55},"end":{"line":76,"column":96}},"31":{"start":{"line":83,"column":15},"end":{"line":124,"column":2}}},"fnMap":{"0":{"name":"(anonymous_0)","decl":{"start":{"line":6,"column":2},"end":{"line":6,"column":3}},"loc":{"start":{"line":6,"column":16},"end":{"line":13,"column":3}},"line":6},"1":{"name":"(anonymous_1)","decl":{"start":{"line":15,"column":16},"end":{"line":15,"column":17}},"loc":{"start":{"line":15,"column":33},"end":{"line":17,"column":3}},"line":15},"2":{"name":"(anonymous_2)","decl":{"start":{"line":19,"column":14},"end":{"line":19,"column":15}},"loc":{"start":{"line":19,"column":26},"end":{"line":33,"column":3}},"line":19},"3":{"name":"(anonymous_3)","decl":{"start":{"line":35,"column":18},"end":{"line":35,"column":19}},"loc":{"start":{"line":35,"column":28},"end":{"line":51,"column":3}},"line":35},"4":{"name":"(anonymous_4)","decl":{"start":{"line":42,"column":41},"end":{"line":42,"column":42}},"loc":{"start":{"line":42,"column":49},"end":{"line":42,"column":75}},"line":42},"5":{"name":"(anonymous_5)","decl":{"start":{"line":43,"column":46},"end":{"line":43,"column":47}},"loc":{"start":{"line":43,"column":54},"end":{"line":49,"column":5}},"line":43},"6":{"name":"(anonymous_6)","decl":{"start":{"line":53,"column":2},"end":{"line":53,"column":3}},"loc":{"start":{"line":53,"column":11},"end":{"line":80,"column":3}},"line":53},"7":{"name":"(anonymous_7)","decl":{"start":{"line":57,"column":54},"end":{"line":57,"column":55}},"loc":{"start":{"line":57,"column":62},"end":{"line":59,"column":7}},"line":57},"8":{"name":"(anonymous_8)","decl":{"start":{"line":76,"column":49},"end":{"line":76,"column":50}},"loc":{"start":{"line":76,"column":55},"end":{"line":76,"column":96}},"line":76}},"branchMap":{"0":{"loc":{"start":{"line":20,"column":4},"end":{"line":32,"column":5}},"type":"if","locations":[{"start":{"line":20,"column":4},"end":{"line":32,"column":5}},{"start":{"line":20,"column":4},"end":{"line":32,"column":5}}],"line":20},"1":{"loc":{"start":{"line":36,"column":4},"end":{"line":41,"column":5}},"type":"if","locations":[{"start":{"line":36,"column":4},"end":{"line":41,"column":5}},{"start":{"line":36,"column":4},"end":{"line":41,"column":5}}],"line":36},"2":{"loc":{"start":{"line":56,"column":4},"end":{"line":60,"column":5}},"type":"if","locations":[{"start":{"line":56,"column":4},"end":{"line":60,"column":5}},{"start":{"line":56,"column":4},"end":{"line":60,"column":5}}],"line":56},"3":{"loc":{"start":{"line":71,"column":9},"end":{"line":71,"column":90}},"type":"cond-expr","locations":[{"start":{"line":71,"column":35},"end":{"line":71,"column":39}},{"start":{"line":71,"column":42},"end":{"line":71,"column":90}}],"line":71}},"s":{"0":1,"1":1,"2":1,"3":0,"4":1,"5":0,"6":0,"7":0,"8":0,"9":0,"10":0,"11":0,"12":0,"13":1,"14":0,"15":0,"16":0,"17":0,"18":0,"19":0,"20":0,"21":0,"22":0,"23":0,"24":1,"25":1,"26":1,"27":0,"28":0,"29":1,"30":0,"31":2},"f":{"0":1,"1":0,"2":0,"3":0,"4":0,"5":0,"6":1,"7":0,"8":0},"b":{"0":[0,0],"1":[0,0],"2":[0,1],"3":[0,1]},"_coverageSchema":"43e27e138ebf9cfc5966b082cf9a028302ed4184","hash":"cdae949f2636d78ac2e1a54221b87d2b79bde259"}
}
