TN:
SF:/Users/zoeketchamharvey/Turing/mod4/guten_reader_FE/guten_reader_FE/assets/volume-on.png
FNF:0
FNH:0
DA:1,1
LF:1
LH:1
BRF:0
BRH:0
end_of_record
TN:
SF:/Users/zoeketchamharvey/Turing/mod4/guten_reader_FE/guten_reader_FE/src/Components/MusicMenu/MusicMenu.js
FN:8,(anonymous_0)
FN:18,(anonymous_1)
FN:24,(anonymous_2)
FN:34,(anonymous_3)
FNF:4
FNH:0
FNDA:0,(anonymous_0)
FNDA:0,(anonymous_1)
FNDA:0,(anonymous_2)
FNDA:0,(anonymous_3)
DA:9,0
DA:11,0
DA:16,0
DA:18,0
DA:19,0
DA:32,0
DA:34,0
DA:46,1
LF:8
LH:1
BRDA:19,0,0,0
BRDA:19,0,1,0
BRDA:36,1,0,0
BRDA:36,1,1,0
BRDA:39,2,0,0
BRDA:39,2,1,0
BRF:6
BRH:0
end_of_record
TN:
SF:/Users/zoeketchamharvey/Turing/mod4/guten_reader_FE/guten_reader_FE/src/Components/Reader/Reader.js
FN:10,(anonymous_0)
FN:17,(anonymous_1)
FN:18,(anonymous_2)
FN:23,(anonymous_3)
FN:29,(anonymous_4)
FNF:5
FNH:0
FNDA:0,(anonymous_0)
FNDA:0,(anonymous_1)
FNDA:0,(anonymous_2)
FNDA:0,(anonymous_3)
FNDA:0,(anonymous_4)
DA:11,0
DA:12,0
DA:18,0
DA:19,0
DA:24,0
DA:30,0
DA:31,0
DA:46,1
DA:52,1
LF:9
LH:2
BRF:0
BRH:0
end_of_record
