TN:
SF:/Users/zoeketchamharvey/Turing/mod4/guten_reader_FE/guten_reader_FE/App.js
FNF:0
FNH:0
DA:9,1
DA:31,1
LF:2
LH:2
BRF:0
BRH:0
end_of_record
TN:
SF:/Users/zoeketchamharvey/Turing/mod4/guten_reader_FE/guten_reader_FE/src/apiCalls.js
FN:1,(anonymous_0)
FN:10,(anonymous_1)
FN:19,(anonymous_2)
FN:28,(anonymous_3)
FN:43,(anonymous_4)
FN:51,(anonymous_5)
FN:71,(anonymous_6)
FNF:7
FNH:3
FNDA:3,(anonymous_0)
FNDA:3,(anonymous_1)
FNDA:3,(anonymous_2)
FNDA:0,(anonymous_3)
FNDA:0,(anonymous_4)
FNDA:0,(anonymous_5)
FNDA:0,(anonymous_6)
DA:1,4
DA:2,3
DA:3,2
DA:4,2
DA:6,1
DA:10,4
DA:11,3
DA:12,2
DA:13,2
DA:15,1
DA:19,4
DA:20,3
DA:21,2
DA:22,2
DA:24,1
DA:28,4
DA:29,0
DA:34,0
DA:41,0
DA:42,0
DA:43,0
DA:44,0
DA:47,0
DA:51,4
DA:52,0
DA:55,0
DA:63,0
DA:64,0
DA:65,0
DA:67,0
DA:71,4
DA:72,0
DA:78,0
DA:79,0
DA:80,0
DA:82,0
LF:36
LH:18
BRF:0
BRH:0
end_of_record
TN:
SF:/Users/zoeketchamharvey/Turing/mod4/guten_reader_FE/guten_reader_FE/src/Components/Library/Library.js
FN:13,(anonymous_0)
FN:22,(anonymous_1)
FN:35,(anonymous_2)
FN:41,(anonymous_3)
FN:49,(anonymous_4)
FN:51,(anonymous_5)
FN:56,(anonymous_6)
FNF:7
FNH:0
FNDA:0,(anonymous_0)
FNDA:0,(anonymous_1)
FNDA:0,(anonymous_2)
FNDA:0,(anonymous_3)
FNDA:0,(anonymous_4)
FNDA:0,(anonymous_5)
FNDA:0,(anonymous_6)
DA:14,0
DA:15,0
DA:16,0
DA:23,0
DA:27,0
DA:29,0
DA:30,0
DA:36,0
DA:42,0
DA:43,0
DA:50,0
DA:51,0
DA:52,0
DA:57,0
DA:68,2
DA:74,2
LF:16
LH:2
BRDA:42,0,0,0
BRDA:42,0,1,0
BRF:2
BRH:0
end_of_record
TN:
SF:/Users/zoeketchamharvey/Turing/mod4/guten_reader_FE/guten_reader_FE/src/Components/ListLibrary/ListLibrary.js
FN:7,ListLibrary
FN:9,(anonymous_1)
FN:13,displayBooks
FN:14,(anonymous_3)
FN:23,(anonymous_4)
FNF:5
FNH:0
FNDA:0,ListLibrary
FNDA:0,(anonymous_1)
FNDA:0,displayBooks
FNDA:0,(anonymous_3)
FNDA:0,(anonymous_4)
DA:9,0
DA:10,0
DA:14,0
DA:15,0
DA:23,0
DA:30,0
DA:37,3
LF:7
LH:1
BRF:0
BRH:0
end_of_record
TN:
SF:/Users/zoeketchamharvey/Turing/mod4/guten_reader_FE/guten_reader_FE/src/Components/ListSearch/ListSearch.js
FN:4,(anonymous_0)
FNF:1
FNH:1
FNDA:1,(anonymous_0)
DA:4,3
DA:5,1
DA:16,3
LF:3
LH:3
BRF:0
BRH:0
end_of_record
TN:
SF:/Users/zoeketchamharvey/Turing/mod4/guten_reader_FE/guten_reader_FE/src/Components/MenuLibrary/MenuLibrary.js
FN:7,MenuLibrary
FN:9,(anonymous_1)
FNF:2
FNH:0
FNDA:0,MenuLibrary
FNDA:0,(anonymous_1)
DA:9,0
DA:10,0
DA:13,0
DA:20,3
LF:4
LH:1
BRF:0
BRH:0
end_of_record
TN:
SF:/Users/zoeketchamharvey/Turing/mod4/guten_reader_FE/guten_reader_FE/src/Components/MusicMenu/MusicMenu.js
FN:9,(anonymous_0)
FNF:1
FNH:0
FNDA:0,(anonymous_0)
DA:17,0
DA:31,3
LF:2
LH:1
BRF:0
BRH:0
end_of_record
TN:
SF:/Users/zoeketchamharvey/Turing/mod4/guten_reader_FE/guten_reader_FE/src/Components/Reader/Reader.js
FN:12,(anonymous_0)
FN:24,(anonymous_1)
FN:31,(anonymous_2)
FN:38,(anonymous_3)
FN:50,(anonymous_4)
FN:62,(anonymous_5)
FN:68,(anonymous_6)
FN:73,(anonymous_7)
FN:74,(anonymous_8)
FN:85,(anonymous_9)
FN:93,(anonymous_10)
FNF:11
FNH:0
FNDA:0,(anonymous_0)
FNDA:0,(anonymous_1)
FNDA:0,(anonymous_2)
FNDA:0,(anonymous_3)
FNDA:0,(anonymous_4)
FNDA:0,(anonymous_5)
FNDA:0,(anonymous_6)
FNDA:0,(anonymous_7)
FNDA:0,(anonymous_8)
FNDA:0,(anonymous_9)
FNDA:0,(anonymous_10)
DA:13,0
DA:14,0
DA:25,0
DA:26,0
DA:32,0
DA:33,0
DA:39,0
DA:40,0
DA:44,0
DA:51,0
DA:52,0
DA:56,0
DA:63,0
DA:64,0
DA:65,0
DA:69,0
DA:70,0
DA:74,0
DA:75,0
DA:77,0
DA:78,0
DA:79,0
DA:80,0
DA:81,0
DA:82,0
DA:86,0
DA:89,0
DA:90,0
DA:94,0
DA:95,0
DA:121,2
DA:127,2
LF:32
LH:2
BRDA:39,0,0,0
BRDA:39,0,1,0
BRDA:51,1,0,0
BRDA:51,1,1,0
BRDA:98,2,0,0
BRDA:98,2,1,0
BRDA:107,3,0,0
BRDA:107,3,1,0
BRDA:108,4,0,0
BRDA:108,4,1,0
BRF:10
BRH:0
end_of_record
TN:
SF:/Users/zoeketchamharvey/Turing/mod4/guten_reader_FE/guten_reader_FE/src/Components/Search/Search.js
FN:6,(anonymous_0)
FN:15,(anonymous_1)
FN:19,(anonymous_2)
FN:35,(anonymous_3)
FN:42,(anonymous_4)
FN:43,(anonymous_5)
FN:53,(anonymous_6)
FN:57,(anonymous_7)
FN:76,(anonymous_8)
FNF:9
FNH:2
FNDA:2,(anonymous_0)
FNDA:0,(anonymous_1)
FNDA:0,(anonymous_2)
FNDA:0,(anonymous_3)
FNDA:0,(anonymous_4)
FNDA:0,(anonymous_5)
FNDA:3,(anonymous_6)
FNDA:0,(anonymous_7)
FNDA:0,(anonymous_8)
DA:7,2
DA:8,2
DA:15,2
DA:16,0
DA:19,2
DA:20,0
DA:21,0
DA:22,0
DA:23,0
DA:24,0
DA:25,0
DA:28,0
DA:31,0
DA:35,2
DA:36,0
DA:37,0
DA:38,0
DA:39,0
DA:40,0
DA:42,0
DA:43,0
DA:44,0
DA:50,0
DA:54,3
DA:55,3
DA:56,3
DA:57,0
DA:58,0
DA:61,3
DA:76,0
DA:83,2
LF:31
LH:10
BRDA:20,0,0,0
BRDA:20,0,1,0
BRDA:36,1,0,0
BRDA:36,1,1,0
BRDA:56,2,0,0
BRDA:56,2,1,3
BRDA:71,3,0,0
BRDA:71,3,1,3
BRF:8
BRH:2
end_of_record
